<?xml version="1.0" encoding="UTF-8"?>
<!-- Generated by org.testng.reporters.JUnitReportReporter -->
<testsuite hostname="Apples-MacBook-Pro.local" failures="0" tests="3" name="TestCaseClass.HomePageTest" time="1.842" errors="0" timestamp="2025-06-30T20:15:34 IST" skipped="0">
  <testcase classname="TestCaseClass.HomePageTest" name="verifyGetAppUrl" time="0.052"/>
  <testcase classname="TestCaseClass.HomePageTest" name="verifyGetAppTitle" time="0.009"/>
  <testcase classname="TestCaseClass.HomePageTest" name="validateSignInLink" time="1.781"/>
</testsuite> <!-- TestCaseClass.HomePageTest -->
