<?xml version="1.0" encoding="UTF-8"?>
<!-- Generated by org.testng.reporters.JUnitReportReporter -->
<testsuite hostname="Apples-MacBook-Pro.local" failures="0" tests="3" name="TestCaseClass.HomePageTest" time="0.903" errors="0" timestamp="2025-07-01T14:09:55 IST" skipped="0">
  <testcase classname="TestCaseClass.HomePageTest" name="verifyGetAppUrl" time="0.005"/>
  <testcase classname="TestCaseClass.HomePageTest" name="verifyGetAppTitle" time="0.003"/>
  <testcase classname="TestCaseClass.HomePageTest" name="validateSignInLink" time="0.895"/>
</testsuite> <!-- TestCaseClass.HomePageTest -->
